<?xml version="1.0" encoding="UTF-8"?>
<testng-results ignored="0" total="1" passed="0" failed="1" skipped="0">
  <reporter-output>
  </reporter-output>
  <suite started-at="2024-06-25T00:34:26 IST" name="Default suite" finished-at="2024-06-25T00:34:34 IST" duration-ms="7124">
    <groups>
      <group name="cucumber">
        <method signature="Runner.runScenario(io.cucumber.testng.PickleWrapper,io.cucumber.testng.FeatureWrapper)[pri:0, instance:runner.Runner@3315d2d7]" name="runScenario" class="runner.Runner"/>
      </group> <!-- cucumber -->
    </groups>
    <test started-at="2024-06-25T00:34:26 IST" name="Default test" finished-at="2024-06-25T00:34:34 IST" duration-ms="7124">
      <class name="runner.Runner">
        <test-method is-config="true" signature="setUpClass(org.testng.ITestContext)[pri:0, instance:runner.Runner@3315d2d7]" started-at="2024-06-25T00:34:26 IST" name="setUpClass" finished-at="2024-06-25T00:34:28 IST" duration-ms="1409" status="PASS">
          <params>
            <param index="0">
              <value>
                <![CDATA[org.testng.TestRunner@549621f3]]>
              </value>
            </param>
          </params>
          <reporter-output>
          </reporter-output>
        </test-method> <!-- setUpClass -->
        <test-method signature="runScenario(io.cucumber.testng.PickleWrapper,io.cucumber.testng.FeatureWrapper)[pri:0, instance:runner.Runner@3315d2d7]" started-at="2024-06-25T00:34:28 IST" name="runScenario" description="Runs Cucumber Scenarios" data-provider="scenarios" finished-at="2024-06-25T00:34:28 IST" duration-ms="390" status="FAIL">
          <params>
            <param index="0">
              <value>
                <![CDATA["Title of your scenario login"]]>
              </value>
            </param>
            <param index="1">
              <value>
                <![CDATA["Login Feature"]]>
              </value>
            </param>
          </params>
          <exception class="java.lang.NullPointerException">
            <message>
              <![CDATA[Cannot invoke "pages.GetPageObject.getLoginPage()" because "testcases.stepdefinition.StepDefinition.getPageObject" is null]]>
            </message>
            <full-stacktrace>
              <![CDATA[java.lang.NullPointerException: Cannot invoke "pages.GetPageObject.getLoginPage()" because "testcases.stepdefinition.StepDefinition.getPageObject" is null
at testcases.stepdefinition.StepDefinition.i_click_on_tab(StepDefinition.java:13)
at ✽.I click on tab(classpath:testcases/login.feature:8)
]]>
            </full-stacktrace>
          </exception> <!-- java.lang.NullPointerException -->
          <reporter-output>
          </reporter-output>
        </test-method> <!-- runScenario -->
        <test-method is-config="true" signature="tearDownClass()[pri:0, instance:runner.Runner@3315d2d7]" started-at="2024-06-25T00:34:28 IST" name="tearDownClass" finished-at="2024-06-25T00:34:34 IST" duration-ms="5226" status="PASS">
          <reporter-output>
          </reporter-output>
        </test-method> <!-- tearDownClass -->
      </class> <!-- runner.Runner -->
    </test> <!-- Default test -->
  </suite> <!-- Default suite -->
</testng-results>
