<?xml version="1.0" encoding="UTF-8"?>
<testng-results ignored="0" total="0" passed="0" failed="0" skipped="0">
  <reporter-output>
  </reporter-output>
  <suite started-at="2024-07-03T21:47:57 IST" name="Default suite" finished-at="2024-07-03T21:48:04 IST" duration-ms="6563">
    <groups>
      <group name="cucumber">
        <method signature="Runner.runScenario(io.cucumber.testng.PickleWrapper,io.cucumber.testng.FeatureWrapper)[pri:0, instance:runner.Runner@3315d2d7]" name="runScenario" class="runner.Runner"/>
      </group> <!-- cucumber -->
    </groups>
    <test started-at="2024-07-03T21:47:57 IST" name="Default test" finished-at="2024-07-03T21:48:04 IST" duration-ms="6563">
      <class name="runner.Runner">
        <test-method is-config="true" signature="setUpClass(org.testng.ITestContext)[pri:0, instance:runner.Runner@3315d2d7]" started-at="2024-07-03T21:47:57 IST" name="setUpClass" finished-at="2024-07-03T21:47:58 IST" duration-ms="1330" status="PASS">
          <params>
            <param index="0">
              <value>
                <![CDATA[org.testng.TestRunner@21aa6d6c]]>
              </value>
            </param>
          </params>
          <reporter-output>
          </reporter-output>
        </test-method> <!-- setUpClass -->
        <test-method is-config="true" signature="tearDownClass()[pri:0, instance:runner.Runner@3315d2d7]" started-at="2024-07-03T21:47:58 IST" name="tearDownClass" finished-at="2024-07-03T21:48:04 IST" duration-ms="5171" status="PASS">
          <reporter-output>
          </reporter-output>
        </test-method> <!-- tearDownClass -->
      </class> <!-- runner.Runner -->
    </test> <!-- Default test -->
  </suite> <!-- Default suite -->
</testng-results>
