<?xml version="1.0" encoding="UTF-8"?>
<!-- Generated by org.testng.reporters.JUnitReportReporter -->
<testsuite hostname="DESKTOP-LD88KNN" failures="0" tests="1" name="runner.Runner" time="0.390" errors="1" timestamp="2024-06-25T00:34:34 IST" skipped="0">
  <testcase classname="runner.Runner" name="runScenario" time="0.390">
    <error message="Cannot invoke &quot;pages.GetPageObject.getLoginPage()&quot; because &quot;testcases.stepdefinition.StepDefinition.getPageObject&quot; is null" type="java.lang.NullPointerException">
      <![CDATA[java.lang.NullPointerException: Cannot invoke "pages.GetPageObject.getLoginPage()" because "testcases.stepdefinition.StepDefinition.getPageObject" is null
at testcases.stepdefinition.StepDefinition.i_click_on_tab(StepDefinition.java:13)
at ✽.I click on tab(classpath:testcases/login.feature:8)
]]>
    </error>
  </testcase> <!-- runScenario -->
  <system-out/>
</testsuite> <!-- runner.Runner -->
